{"/Users/tylerbessire/gpt-pilot/workspace/Kevin_Mk1/modules/emotionalIntelligence.js": {"path":"/Users/tylerbessire/gpt-pilot/workspace/Kevin_Mk1/modules/emotionalIntelligence.js","statementMap":{"0":{"start":{"line":1,"column":18},"end":{"line":1,"column":38}},"1":{"start":{"line":2,"column":12},"end":{"line":2,"column":33}},"2":{"start":{"line":4,"column":18},"end":{"line":4,"column":33}},"3":{"start":{"line":6,"column":25},"end":{"line":75,"column":1}},"4":{"start":{"line":77,"column":26},"end":{"line":77,"column":27}},"5":{"start":{"line":80,"column":2},"end":{"line":101,"column":3}},"6":{"start":{"line":81,"column":19},"end":{"line":81,"column":47}},"7":{"start":{"line":82,"column":26},"end":{"line":87,"column":10}},"8":{"start":{"line":83,"column":18},"end":{"line":83,"column":41}},"9":{"start":{"line":84,"column":20},"end":{"line":84,"column":32}},"10":{"start":{"line":85,"column":6},"end":{"line":85,"column":23}},"11":{"start":{"line":86,"column":6},"end":{"line":86,"column":17}},"12":{"start":{"line":89,"column":29},"end":{"line":91,"column":40}},"13":{"start":{"line":90,"column":6},"end":{"line":90,"column":57}},"14":{"start":{"line":91,"column":22},"end":{"line":91,"column":39}},"15":{"start":{"line":93,"column":27},"end":{"line":93,"column":112}},"16":{"start":{"line":94,"column":4},"end":{"line":94,"column":60}},"17":{"start":{"line":95,"column":4},"end":{"line":95,"column":82}},"18":{"start":{"line":96,"column":4},"end":{"line":96,"column":26}},"19":{"start":{"line":98,"column":4},"end":{"line":98,"column":58}},"20":{"start":{"line":99,"column":4},"end":{"line":99,"column":31}},"21":{"start":{"line":100,"column":4},"end":{"line":100,"column":37}},"22":{"start":{"line":105,"column":2},"end":{"line":112,"column":3}},"23":{"start":{"line":108,"column":4},"end":{"line":108,"column":89}},"24":{"start":{"line":110,"column":4},"end":{"line":110,"column":69}},"25":{"start":{"line":111,"column":4},"end":{"line":111,"column":31}},"26":{"start":{"line":116,"column":2},"end":{"line":125,"column":3}},"27":{"start":{"line":117,"column":4},"end":{"line":117,"column":43}},"28":{"start":{"line":120,"column":4},"end":{"line":120,"column":88}},"29":{"start":{"line":122,"column":4},"end":{"line":122,"column":74}},"30":{"start":{"line":123,"column":4},"end":{"line":123,"column":31}},"31":{"start":{"line":124,"column":4},"end":{"line":124,"column":85}},"32":{"start":{"line":128,"column":0},"end":{"line":131,"column":2}}},"fnMap":{"0":{"name":"analyzeUserEmotion","decl":{"start":{"line":79,"column":9},"end":{"line":79,"column":27}},"loc":{"start":{"line":79,"column":50},"end":{"line":102,"column":1}},"line":79},"1":{"name":"(anonymous_1)","decl":{"start":{"line":82,"column":52},"end":{"line":82,"column":53}},"loc":{"start":{"line":82,"column":70},"end":{"line":87,"column":5}},"line":82},"2":{"name":"(anonymous_2)","decl":{"start":{"line":89,"column":60},"end":{"line":89,"column":61}},"loc":{"start":{"line":89,"column":67},"end":{"line":91,"column":5}},"line":89},"3":{"name":"(anonymous_3)","decl":{"start":{"line":91,"column":12},"end":{"line":91,"column":13}},"loc":{"start":{"line":91,"column":22},"end":{"line":91,"column":39}},"line":91},"4":{"name":"updateKevinEmotionalState","decl":{"start":{"line":104,"column":9},"end":{"line":104,"column":34}},"loc":{"start":{"line":104,"column":48},"end":{"line":113,"column":1}},"line":104},"5":{"name":"getKevinEmotionalResponse","decl":{"start":{"line":115,"column":9},"end":{"line":115,"column":34}},"loc":{"start":{"line":115,"column":48},"end":{"line":126,"column":1}},"line":115}},"branchMap":{"0":{"loc":{"start":{"line":93,"column":27},"end":{"line":93,"column":112}},"type":"cond-expr","locations":[{"start":{"line":93,"column":57},"end":{"line":93,"column":84}},{"start":{"line":93,"column":87},"end":{"line":93,"column":112}}],"line":93}},"s":{"0":1,"1":1,"2":1,"3":1,"4":1,"5":4,"6":4,"7":4,"8":3,"9":3,"10":3,"11":3,"12":4,"13":3,"14":1,"15":4,"16":4,"17":4,"18":4,"19":0,"20":0,"21":0,"22":0,"23":0,"24":0,"25":0,"26":0,"27":0,"28":0,"29":0,"30":0,"31":0,"32":1},"f":{"0":4,"1":3,"2":3,"3":1,"4":0,"5":0},"b":{"0":[2,2]},"_coverageSchema":"1a1c01bbd47fc00a2c39e90264f33305004495a9","hash":"c15ffca973805c4dfc1b51bc0d2e67529e64a218"}
,"/Users/tylerbessire/gpt-pilot/workspace/Kevin_Mk1/modules/personalityEngine.js": {"path":"/Users/tylerbessire/gpt-pilot/workspace/Kevin_Mk1/modules/personalityEngine.js","statementMap":{"0":{"start":{"line":6,"column":4},"end":{"line":12,"column":6}},"1":{"start":{"line":13,"column":4},"end":{"line":13,"column":71}},"2":{"start":{"line":18,"column":4},"end":{"line":36,"column":5}},"3":{"start":{"line":20,"column":6},"end":{"line":25,"column":7}},"4":{"start":{"line":21,"column":8},"end":{"line":21,"column":84}},"5":{"start":{"line":22,"column":8},"end":{"line":22,"column":92}},"6":{"start":{"line":24,"column":8},"end":{"line":24,"column":100}},"7":{"start":{"line":28,"column":6},"end":{"line":30,"column":9}},"8":{"start":{"line":29,"column":8},"end":{"line":29,"column":61}},"9":{"start":{"line":32,"column":6},"end":{"line":32,"column":111}},"10":{"start":{"line":34,"column":6},"end":{"line":34,"column":66}},"11":{"start":{"line":35,"column":6},"end":{"line":35,"column":33}},"12":{"start":{"line":41,"column":4},"end":{"line":52,"column":5}},"13":{"start":{"line":45,"column":23},"end":{"line":45,"column":55}},"14":{"start":{"line":46,"column":6},"end":{"line":46,"column":34}},"15":{"start":{"line":48,"column":6},"end":{"line":48,"column":81}},"16":{"start":{"line":50,"column":6},"end":{"line":50,"column":66}},"17":{"start":{"line":51,"column":6},"end":{"line":51,"column":33}},"18":{"start":{"line":57,"column":4},"end":{"line":64,"column":5}},"19":{"start":{"line":58,"column":6},"end":{"line":58,"column":59}},"20":{"start":{"line":59,"column":6},"end":{"line":59,"column":25}},"21":{"start":{"line":61,"column":6},"end":{"line":61,"column":67}},"22":{"start":{"line":62,"column":6},"end":{"line":62,"column":33}},"23":{"start":{"line":63,"column":6},"end":{"line":63,"column":16}},"24":{"start":{"line":69,"column":4},"end":{"line":77,"column":5}},"25":{"start":{"line":70,"column":6},"end":{"line":72,"column":9}},"26":{"start":{"line":71,"column":8},"end":{"line":71,"column":32}},"27":{"start":{"line":73,"column":6},"end":{"line":73,"column":75}},"28":{"start":{"line":75,"column":6},"end":{"line":75,"column":66}},"29":{"start":{"line":76,"column":6},"end":{"line":76,"column":33}},"30":{"start":{"line":81,"column":0},"end":{"line":81,"column":35}}},"fnMap":{"0":{"name":"(anonymous_0)","decl":{"start":{"line":4,"column":2},"end":{"line":4,"column":3}},"loc":{"start":{"line":4,"column":16},"end":{"line":14,"column":3}},"line":4},"1":{"name":"(anonymous_1)","decl":{"start":{"line":17,"column":2},"end":{"line":17,"column":3}},"loc":{"start":{"line":17,"column":25},"end":{"line":37,"column":3}},"line":17},"2":{"name":"(anonymous_2)","decl":{"start":{"line":28,"column":39},"end":{"line":28,"column":40}},"loc":{"start":{"line":28,"column":48},"end":{"line":30,"column":7}},"line":28},"3":{"name":"(anonymous_3)","decl":{"start":{"line":40,"column":2},"end":{"line":40,"column":3}},"loc":{"start":{"line":40,"column":43},"end":{"line":53,"column":3}},"line":40},"4":{"name":"(anonymous_4)","decl":{"start":{"line":56,"column":2},"end":{"line":56,"column":3}},"loc":{"start":{"line":56,"column":25},"end":{"line":65,"column":3}},"line":56},"5":{"name":"(anonymous_5)","decl":{"start":{"line":68,"column":2},"end":{"line":68,"column":3}},"loc":{"start":{"line":68,"column":16},"end":{"line":78,"column":3}},"line":68},"6":{"name":"(anonymous_6)","decl":{"start":{"line":70,"column":39},"end":{"line":70,"column":40}},"loc":{"start":{"line":70,"column":48},"end":{"line":72,"column":7}},"line":70}},"branchMap":{"0":{"loc":{"start":{"line":20,"column":6},"end":{"line":25,"column":7}},"type":"if","locations":[{"start":{"line":20,"column":6},"end":{"line":25,"column":7}},{"start":{"line":23,"column":13},"end":{"line":25,"column":7}}],"line":20}},"s":{"0":1,"1":1,"2":6,"3":6,"4":3,"5":3,"6":3,"7":6,"8":30,"9":6,"10":0,"11":0,"12":0,"13":0,"14":0,"15":0,"16":0,"17":0,"18":7,"19":7,"20":7,"21":0,"22":0,"23":0,"24":1,"25":1,"26":5,"27":1,"28":0,"29":0,"30":1},"f":{"0":1,"1":6,"2":30,"3":0,"4":7,"5":1,"6":5},"b":{"0":[3,3]},"_coverageSchema":"1a1c01bbd47fc00a2c39e90264f33305004495a9","hash":"1437ba8300348b1dfb7ee91116fd8ba5ae9f7a12"}
}
