TN:
SF:modules/emotionalIntelligence.js
FN:79,analyzeUserEmotion
FN:82,(anonymous_1)
FN:89,(anonymous_2)
FN:91,(anonymous_3)
FN:104,updateKevinEmotionalState
FN:115,getKevinEmotionalResponse
FNF:6
FNH:4
FNDA:4,analyzeUserEmotion
FNDA:3,(anonymous_1)
FNDA:3,(anonymous_2)
FNDA:1,(anonymous_3)
FNDA:0,updateKevinEmotionalState
FNDA:0,getKevinEmotionalResponse
DA:1,1
DA:2,1
DA:4,1
DA:6,1
DA:77,1
DA:80,4
DA:81,4
DA:82,4
DA:83,3
DA:84,3
DA:85,3
DA:86,3
DA:89,4
DA:90,3
DA:91,1
DA:93,4
DA:94,4
DA:95,4
DA:96,4
DA:98,0
DA:99,0
DA:100,0
DA:105,0
DA:108,0
DA:110,0
DA:111,0
DA:116,0
DA:117,0
DA:120,0
DA:122,0
DA:123,0
DA:124,0
DA:128,1
LF:33
LH:20
BRDA:93,0,0,2
BRDA:93,0,1,2
BRF:2
BRH:2
end_of_record
TN:
SF:modules/personalityEngine.js
FN:4,(anonymous_0)
FN:17,(anonymous_1)
FN:28,(anonymous_2)
FN:40,(anonymous_3)
FN:56,(anonymous_4)
FN:68,(anonymous_5)
FN:70,(anonymous_6)
FNF:7
FNH:6
FNDA:1,(anonymous_0)
FNDA:6,(anonymous_1)
FNDA:30,(anonymous_2)
FNDA:0,(anonymous_3)
FNDA:7,(anonymous_4)
FNDA:1,(anonymous_5)
FNDA:5,(anonymous_6)
DA:6,1
DA:13,1
DA:18,6
DA:20,6
DA:21,3
DA:22,3
DA:24,3
DA:28,6
DA:29,30
DA:32,6
DA:34,0
DA:35,0
DA:41,0
DA:45,0
DA:46,0
DA:48,0
DA:50,0
DA:51,0
DA:57,7
DA:58,7
DA:59,7
DA:61,0
DA:62,0
DA:63,0
DA:69,1
DA:70,1
DA:71,5
DA:73,1
DA:75,0
DA:76,0
DA:81,1
LF:31
LH:18
BRDA:20,0,0,3
BRDA:20,0,1,3
BRF:2
BRH:2
end_of_record
